{"C:\\Cursos\\React\\code-challenge-digital-house\\App.js": {"path":"C:\\Cursos\\React\\code-challenge-digital-house\\App.js","statementMap":{"0":{"start":{"line":9,"column":2},"end":{"line":15,"column":4}}},"fnMap":{"0":{"name":"App","decl":{"start":{"line":7,"column":24},"end":{"line":7,"column":27}},"loc":{"start":{"line":7,"column":30},"end":{"line":16,"column":1}},"line":7}},"branchMap":{},"s":{"0":0},"f":{"0":0},"b":{}}
,"C:\\Cursos\\React\\code-challenge-digital-house\\src\\components\\Card.js": {"path":"C:\\Cursos\\React\\code-challenge-digital-house\\src\\components\\Card.js","statementMap":{"0":{"start":{"line":4,"column":13},"end":{"line":8,"column":1}},"1":{"start":{"line":5,"column":2},"end":{"line":7,"column":4}},"2":{"start":{"line":10,"column":15},"end":{"line":23,"column":2}}},"fnMap":{"0":{"name":"(anonymous_0)","decl":{"start":{"line":4,"column":13},"end":{"line":4,"column":14}},"loc":{"start":{"line":4,"column":22},"end":{"line":8,"column":1}},"line":4}},"branchMap":{},"s":{"0":1,"1":1,"2":1},"f":{"0":1},"b":{},"_coverageSchema":"1a1c01bbd47fc00a2c39e90264f33305004495a9","hash":"d60b1be303c64bbad2e2ddbd3b165c340b9d8d20"}
,"C:\\Cursos\\React\\code-challenge-digital-house\\src\\components\\FiltroMovimientos.js": {"path":"C:\\Cursos\\React\\code-challenge-digital-house\\src\\components\\FiltroMovimientos.js","statementMap":{"0":{"start":{"line":7,"column":26},"end":{"line":73,"column":1}},"1":{"start":{"line":8,"column":34},"end":{"line":8,"column":48}},"2":{"start":{"line":10,"column":52},"end":{"line":10,"column":80}},"3":{"start":{"line":12,"column":27},"end":{"line":18,"column":5}},"4":{"start":{"line":13,"column":8},"end":{"line":13,"column":27}},"5":{"start":{"line":14,"column":38},"end":{"line":16,"column":10}},"6":{"start":{"line":15,"column":12},"end":{"line":15,"column":48}},"7":{"start":{"line":17,"column":8},"end":{"line":17,"column":51}},"8":{"start":{"line":20,"column":29},"end":{"line":26,"column":5}},"9":{"start":{"line":21,"column":8},"end":{"line":21,"column":27}},"10":{"start":{"line":22,"column":40},"end":{"line":24,"column":10}},"11":{"start":{"line":23,"column":12},"end":{"line":23,"column":47}},"12":{"start":{"line":25,"column":8},"end":{"line":25,"column":53}},"13":{"start":{"line":28,"column":34},"end":{"line":33,"column":5}},"14":{"start":{"line":30,"column":8},"end":{"line":30,"column":28}},"15":{"start":{"line":32,"column":8},"end":{"line":32,"column":45}},"16":{"start":{"line":35,"column":4},"end":{"line":72,"column":7}},"17":{"start":{"line":41,"column":34},"end":{"line":41,"column":57}},"18":{"start":{"line":55,"column":46},"end":{"line":55,"column":62}},"19":{"start":{"line":63,"column":46},"end":{"line":63,"column":64}},"20":{"start":{"line":75,"column":15},"end":{"line":90,"column":2}}},"fnMap":{"0":{"name":"(anonymous_0)","decl":{"start":{"line":7,"column":26},"end":{"line":7,"column":27}},"loc":{"start":{"line":7,"column":32},"end":{"line":73,"column":1}},"line":7},"1":{"name":"(anonymous_1)","decl":{"start":{"line":12,"column":27},"end":{"line":12,"column":28}},"loc":{"start":{"line":12,"column":33},"end":{"line":18,"column":5}},"line":12},"2":{"name":"(anonymous_2)","decl":{"start":{"line":14,"column":65},"end":{"line":14,"column":66}},"loc":{"start":{"line":14,"column":80},"end":{"line":16,"column":9}},"line":14},"3":{"name":"(anonymous_3)","decl":{"start":{"line":20,"column":29},"end":{"line":20,"column":30}},"loc":{"start":{"line":20,"column":35},"end":{"line":26,"column":5}},"line":20},"4":{"name":"(anonymous_4)","decl":{"start":{"line":22,"column":67},"end":{"line":22,"column":68}},"loc":{"start":{"line":22,"column":82},"end":{"line":24,"column":9}},"line":22},"5":{"name":"(anonymous_5)","decl":{"start":{"line":28,"column":34},"end":{"line":28,"column":35}},"loc":{"start":{"line":28,"column":40},"end":{"line":33,"column":5}},"line":28},"6":{"name":"(anonymous_6)","decl":{"start":{"line":41,"column":29},"end":{"line":41,"column":30}},"loc":{"start":{"line":41,"column":33},"end":{"line":41,"column":58}},"line":41},"7":{"name":"(anonymous_7)","decl":{"start":{"line":55,"column":41},"end":{"line":55,"column":42}},"loc":{"start":{"line":55,"column":45},"end":{"line":55,"column":63}},"line":55},"8":{"name":"(anonymous_8)","decl":{"start":{"line":63,"column":41},"end":{"line":63,"column":42}},"loc":{"start":{"line":63,"column":45},"end":{"line":63,"column":65}},"line":63}},"branchMap":{"0":{"loc":{"start":{"line":37,"column":14},"end":{"line":47,"column":13}},"type":"binary-expr","locations":[{"start":{"line":37,"column":14},"end":{"line":37,"column":28}},{"start":{"line":38,"column":16},"end":{"line":45,"column":23}}],"line":37},"1":{"loc":{"start":{"line":49,"column":14},"end":{"line":69,"column":13}},"type":"binary-expr","locations":[{"start":{"line":49,"column":14},"end":{"line":49,"column":20}},{"start":{"line":50,"column":16},"end":{"line":68,"column":23}}],"line":49}},"s":{"0":0,"1":0,"2":0,"3":0,"4":0,"5":0,"6":0,"7":0,"8":0,"9":0,"10":0,"11":0,"12":0,"13":0,"14":0,"15":0,"16":0,"17":0,"18":0,"19":0,"20":0},"f":{"0":0,"1":0,"2":0,"3":0,"4":0,"5":0,"6":0,"7":0,"8":0},"b":{"0":[0,0],"1":[0,0]}}
,"C:\\Cursos\\React\\code-challenge-digital-house\\src\\components\\Header.js": {"path":"C:\\Cursos\\React\\code-challenge-digital-house\\src\\components\\Header.js","statementMap":{"0":{"start":{"line":4,"column":15},"end":{"line":11,"column":1}},"1":{"start":{"line":5,"column":4},"end":{"line":10,"column":7}},"2":{"start":{"line":13,"column":15},"end":{"line":25,"column":2}}},"fnMap":{"0":{"name":"(anonymous_0)","decl":{"start":{"line":4,"column":15},"end":{"line":4,"column":16}},"loc":{"start":{"line":4,"column":31},"end":{"line":11,"column":1}},"line":4}},"branchMap":{},"s":{"0":1,"1":1,"2":1},"f":{"0":1},"b":{},"_coverageSchema":"1a1c01bbd47fc00a2c39e90264f33305004495a9","hash":"bbd6fac0f5cd93b21567c4ae1be8ee2512217f4a"}
,"C:\\Cursos\\React\\code-challenge-digital-house\\src\\components\\Movimientos.js": {"path":"C:\\Cursos\\React\\code-challenge-digital-house\\src\\components\\Movimientos.js","statementMap":{"0":{"start":{"line":7,"column":20},"end":{"line":37,"column":1}},"1":{"start":{"line":9,"column":53},"end":{"line":9,"column":81}},"2":{"start":{"line":11,"column":2},"end":{"line":13,"column":8}},"3":{"start":{"line":12,"column":4},"end":{"line":12,"column":23}},"4":{"start":{"line":15,"column":2},"end":{"line":36,"column":6}},"5":{"start":{"line":20,"column":14},"end":{"line":20,"column":78}},"6":{"start":{"line":24,"column":12},"end":{"line":31,"column":14}},"7":{"start":{"line":32,"column":34},"end":{"line":32,"column":41}},"8":{"start":{"line":39,"column":15},"end":{"line":52,"column":2}}},"fnMap":{"0":{"name":"(anonymous_0)","decl":{"start":{"line":7,"column":20},"end":{"line":7,"column":21}},"loc":{"start":{"line":7,"column":26},"end":{"line":37,"column":1}},"line":7},"1":{"name":"(anonymous_1)","decl":{"start":{"line":11,"column":12},"end":{"line":11,"column":13}},"loc":{"start":{"line":11,"column":18},"end":{"line":13,"column":3}},"line":11},"2":{"name":"(anonymous_2)","decl":{"start":{"line":19,"column":36},"end":{"line":19,"column":37}},"loc":{"start":{"line":19,"column":42},"end":{"line":21,"column":13}},"line":19},"3":{"name":"(anonymous_3)","decl":{"start":{"line":23,"column":24},"end":{"line":23,"column":25}},"loc":{"start":{"line":24,"column":12},"end":{"line":31,"column":14}},"line":24},"4":{"name":"(anonymous_4)","decl":{"start":{"line":32,"column":26},"end":{"line":32,"column":27}},"loc":{"start":{"line":32,"column":34},"end":{"line":32,"column":41}},"line":32}},"branchMap":{},"s":{"0":0,"1":0,"2":0,"3":0,"4":0,"5":0,"6":0,"7":0,"8":0},"f":{"0":0,"1":0,"2":0,"3":0,"4":0},"b":{}}
,"C:\\Cursos\\React\\code-challenge-digital-house\\src\\components\\ProductoItem.js": {"path":"C:\\Cursos\\React\\code-challenge-digital-house\\src\\components\\ProductoItem.js","statementMap":{"0":{"start":{"line":6,"column":21},"end":{"line":57,"column":1}},"1":{"start":{"line":8,"column":23},"end":{"line":8,"column":38}},"2":{"start":{"line":9,"column":23},"end":{"line":9,"column":79}},"3":{"start":{"line":12,"column":18},"end":{"line":12,"column":23}},"4":{"start":{"line":13,"column":17},"end":{"line":13,"column":36}},"5":{"start":{"line":14,"column":21},"end":{"line":14,"column":36}},"6":{"start":{"line":15,"column":17},"end":{"line":15,"column":35}},"7":{"start":{"line":16,"column":16},"end":{"line":16,"column":29}},"8":{"start":{"line":17,"column":16},"end":{"line":17,"column":31}},"9":{"start":{"line":19,"column":4},"end":{"line":56,"column":6}},"10":{"start":{"line":21,"column":43},"end":{"line":23,"column":13}},"11":{"start":{"line":59,"column":15},"end":{"line":73,"column":4}}},"fnMap":{"0":{"name":"(anonymous_0)","decl":{"start":{"line":6,"column":21},"end":{"line":6,"column":22}},"loc":{"start":{"line":6,"column":81},"end":{"line":57,"column":1}},"line":6},"1":{"name":"(anonymous_1)","decl":{"start":{"line":21,"column":39},"end":{"line":21,"column":40}},"loc":{"start":{"line":21,"column":43},"end":{"line":23,"column":13}},"line":21}},"branchMap":{"0":{"loc":{"start":{"line":40,"column":34},"end":{"line":42,"column":33}},"type":"binary-expr","locations":[{"start":{"line":40,"column":34},"end":{"line":40,"column":47}},{"start":{"line":41,"column":36},"end":{"line":41,"column":131}}],"line":40},"1":{"loc":{"start":{"line":43,"column":34},"end":{"line":45,"column":33}},"type":"binary-expr","locations":[{"start":{"line":43,"column":34},"end":{"line":43,"column":48}},{"start":{"line":44,"column":36},"end":{"line":44,"column":131}}],"line":43}},"s":{"0":0,"1":0,"2":0,"3":0,"4":0,"5":0,"6":0,"7":0,"8":0,"9":0,"10":0,"11":0},"f":{"0":0,"1":0},"b":{"0":[0,0],"1":[0,0]}}
,"C:\\Cursos\\React\\code-challenge-digital-house\\src\\components\\Puntos.js": {"path":"C:\\Cursos\\React\\code-challenge-digital-house\\src\\components\\Puntos.js","statementMap":{"0":{"start":{"line":12,"column":15},"end":{"line":32,"column":1}},"1":{"start":{"line":14,"column":30},"end":{"line":14,"column":58}},"2":{"start":{"line":16,"column":18},"end":{"line":16,"column":23}},"3":{"start":{"line":17,"column":17},"end":{"line":17,"column":27}},"4":{"start":{"line":18,"column":21},"end":{"line":18,"column":36}},"5":{"start":{"line":20,"column":4},"end":{"line":31,"column":7}},"6":{"start":{"line":34,"column":15},"end":{"line":64,"column":2}}},"fnMap":{"0":{"name":"(anonymous_0)","decl":{"start":{"line":12,"column":15},"end":{"line":12,"column":16}},"loc":{"start":{"line":12,"column":21},"end":{"line":32,"column":1}},"line":12}},"branchMap":{},"s":{"0":0,"1":0,"2":0,"3":0,"4":0,"5":0,"6":0},"f":{"0":0},"b":{}}
,"C:\\Cursos\\React\\code-challenge-digital-house\\src\\context\\productosContext.js": {"path":"C:\\Cursos\\React\\code-challenge-digital-house\\src\\context\\productosContext.js","statementMap":{"0":{"start":{"line":3,"column":25},"end":{"line":3,"column":40}}},"fnMap":{},"branchMap":{},"s":{"0":0},"f":{},"b":{}}
,"C:\\Cursos\\React\\code-challenge-digital-house\\src\\context\\productosReducer.js": {"path":"C:\\Cursos\\React\\code-challenge-digital-house\\src\\context\\productosReducer.js","statementMap":{"0":{"start":{"line":4,"column":4},"end":{"line":22,"column":5}},"1":{"start":{"line":6,"column":12},"end":{"line":9,"column":13}},"2":{"start":{"line":11,"column":12},"end":{"line":14,"column":13}},"3":{"start":{"line":16,"column":12},"end":{"line":19,"column":13}},"4":{"start":{"line":21,"column":12},"end":{"line":21,"column":25}}},"fnMap":{"0":{"name":"(anonymous_0)","decl":{"start":{"line":3,"column":15},"end":{"line":3,"column":16}},"loc":{"start":{"line":3,"column":34},"end":{"line":23,"column":1}},"line":3}},"branchMap":{"0":{"loc":{"start":{"line":4,"column":4},"end":{"line":22,"column":5}},"type":"switch","locations":[{"start":{"line":5,"column":8},"end":{"line":9,"column":13}},{"start":{"line":10,"column":8},"end":{"line":14,"column":13}},{"start":{"line":15,"column":8},"end":{"line":19,"column":13}},{"start":{"line":20,"column":8},"end":{"line":21,"column":25}}],"line":4}},"s":{"0":0,"1":0,"2":0,"3":0,"4":0},"f":{"0":0},"b":{"0":[0,0,0,0]}}
,"C:\\Cursos\\React\\code-challenge-digital-house\\src\\context\\productosState.js": {"path":"C:\\Cursos\\React\\code-challenge-digital-house\\src\\context\\productosState.js","statementMap":{"0":{"start":{"line":7,"column":23},"end":{"line":77,"column":1}},"1":{"start":{"line":9,"column":25},"end":{"line":13,"column":5}},"2":{"start":{"line":16,"column":32},"end":{"line":16,"column":74}},"3":{"start":{"line":19,"column":29},"end":{"line":35,"column":5}},"4":{"start":{"line":20,"column":20},"end":{"line":20,"column":81}},"5":{"start":{"line":21,"column":8},"end":{"line":34,"column":9}},"6":{"start":{"line":22,"column":30},"end":{"line":22,"column":46}},"7":{"start":{"line":23,"column":30},"end":{"line":23,"column":52}},"8":{"start":{"line":25,"column":12},"end":{"line":28,"column":15}},"9":{"start":{"line":29,"column":12},"end":{"line":29,"column":50}},"10":{"start":{"line":30,"column":12},"end":{"line":30,"column":44}},"11":{"start":{"line":33,"column":12},"end":{"line":33,"column":31}},"12":{"start":{"line":37,"column":27},"end":{"line":42,"column":5}},"13":{"start":{"line":38,"column":30},"end":{"line":40,"column":8}},"14":{"start":{"line":39,"column":10},"end":{"line":39,"column":46}},"15":{"start":{"line":41,"column":6},"end":{"line":41,"column":42}},"16":{"start":{"line":44,"column":33},"end":{"line":55,"column":5}},"17":{"start":{"line":45,"column":29},"end":{"line":47,"column":10}},"18":{"start":{"line":46,"column":12},"end":{"line":46,"column":48}},"19":{"start":{"line":49,"column":33},"end":{"line":49,"column":65}},"20":{"start":{"line":51,"column":8},"end":{"line":54,"column":11}},"21":{"start":{"line":57,"column":31},"end":{"line":62,"column":5}},"22":{"start":{"line":58,"column":8},"end":{"line":61,"column":11}},"23":{"start":{"line":64,"column":4},"end":{"line":76,"column":5}}},"fnMap":{"0":{"name":"(anonymous_0)","decl":{"start":{"line":7,"column":23},"end":{"line":7,"column":24}},"loc":{"start":{"line":7,"column":32},"end":{"line":77,"column":1}},"line":7},"1":{"name":"(anonymous_1)","decl":{"start":{"line":19,"column":29},"end":{"line":19,"column":30}},"loc":{"start":{"line":19,"column":41},"end":{"line":35,"column":5}},"line":19},"2":{"name":"(anonymous_2)","decl":{"start":{"line":37,"column":27},"end":{"line":37,"column":28}},"loc":{"start":{"line":37,"column":40},"end":{"line":42,"column":5}},"line":37},"3":{"name":"(anonymous_3)","decl":{"start":{"line":38,"column":50},"end":{"line":38,"column":51}},"loc":{"start":{"line":38,"column":65},"end":{"line":40,"column":7}},"line":38},"4":{"name":"(anonymous_4)","decl":{"start":{"line":44,"column":33},"end":{"line":44,"column":34}},"loc":{"start":{"line":44,"column":55},"end":{"line":55,"column":5}},"line":44},"5":{"name":"(anonymous_5)","decl":{"start":{"line":45,"column":57},"end":{"line":45,"column":58}},"loc":{"start":{"line":45,"column":72},"end":{"line":47,"column":9}},"line":45},"6":{"name":"(anonymous_6)","decl":{"start":{"line":57,"column":31},"end":{"line":57,"column":32}},"loc":{"start":{"line":57,"column":44},"end":{"line":62,"column":5}},"line":57}},"branchMap":{},"s":{"0":0,"1":0,"2":0,"3":0,"4":0,"5":0,"6":0,"7":0,"8":0,"9":0,"10":0,"11":0,"12":0,"13":0,"14":0,"15":0,"16":0,"17":0,"18":0,"19":0,"20":0,"21":0,"22":0,"23":0},"f":{"0":0,"1":0,"2":0,"3":0,"4":0,"5":0,"6":0},"b":{}}
,"C:\\Cursos\\React\\code-challenge-digital-house\\src\\navigator\\Navigator.js": {"path":"C:\\Cursos\\React\\code-challenge-digital-house\\src\\navigator\\Navigator.js","statementMap":{"0":{"start":{"line":8,"column":14},"end":{"line":8,"column":36}},"1":{"start":{"line":10,"column":18},"end":{"line":25,"column":1}},"2":{"start":{"line":11,"column":4},"end":{"line":24,"column":7}}},"fnMap":{"0":{"name":"(anonymous_0)","decl":{"start":{"line":10,"column":18},"end":{"line":10,"column":19}},"loc":{"start":{"line":10,"column":24},"end":{"line":25,"column":1}},"line":10}},"branchMap":{},"s":{"0":0,"1":0,"2":0},"f":{"0":0},"b":{}}
,"C:\\Cursos\\React\\code-challenge-digital-house\\src\\styles\\global.js": {"path":"C:\\Cursos\\React\\code-challenge-digital-house\\src\\styles\\global.js","statementMap":{"0":{"start":{"line":3,"column":21},"end":{"line":36,"column":2}}},"fnMap":{},"branchMap":{},"s":{"0":0},"f":{},"b":{}}
,"C:\\Cursos\\React\\code-challenge-digital-house\\src\\types\\index.js": {"path":"C:\\Cursos\\React\\code-challenge-digital-house\\src\\types\\index.js","statementMap":{"0":{"start":{"line":2,"column":39},"end":{"line":2,"column":64}},"1":{"start":{"line":3,"column":35},"end":{"line":3,"column":56}},"2":{"start":{"line":4,"column":38},"end":{"line":4,"column":62}}},"fnMap":{},"branchMap":{},"s":{"0":0,"1":0,"2":0},"f":{},"b":{}}
,"C:\\Cursos\\React\\code-challenge-digital-house\\src\\utilities\\Meses.js": {"path":"C:\\Cursos\\React\\code-challenge-digital-house\\src\\utilities\\Meses.js","statementMap":{"0":{"start":{"line":1,"column":15},"end":{"line":14,"column":1}}},"fnMap":{},"branchMap":{},"s":{"0":0},"f":{},"b":{}}
,"C:\\Cursos\\React\\code-challenge-digital-house\\src\\views\\HomeScreen.js": {"path":"C:\\Cursos\\React\\code-challenge-digital-house\\src\\views\\HomeScreen.js","statementMap":{"0":{"start":{"line":8,"column":19},"end":{"line":35,"column":1}},"1":{"start":{"line":9,"column":38},"end":{"line":9,"column":66}},"2":{"start":{"line":11,"column":4},"end":{"line":34,"column":6}},"3":{"start":{"line":37,"column":15},"end":{"line":68,"column":2}}},"fnMap":{"0":{"name":"(anonymous_0)","decl":{"start":{"line":8,"column":19},"end":{"line":8,"column":20}},"loc":{"start":{"line":8,"column":25},"end":{"line":35,"column":1}},"line":8}},"branchMap":{},"s":{"0":0,"1":0,"2":0,"3":0},"f":{"0":0},"b":{}}
,"C:\\Cursos\\React\\code-challenge-digital-house\\src\\views\\ProductDetail.js": {"path":"C:\\Cursos\\React\\code-challenge-digital-house\\src\\views\\ProductDetail.js","statementMap":{"0":{"start":{"line":6,"column":22},"end":{"line":70,"column":1}},"1":{"start":{"line":8,"column":23},"end":{"line":8,"column":46}},"2":{"start":{"line":9,"column":69},"end":{"line":9,"column":79}},"3":{"start":{"line":12,"column":23},"end":{"line":12,"column":38}},"4":{"start":{"line":15,"column":18},"end":{"line":15,"column":23}},"5":{"start":{"line":16,"column":17},"end":{"line":16,"column":36}},"6":{"start":{"line":17,"column":21},"end":{"line":17,"column":36}},"7":{"start":{"line":18,"column":17},"end":{"line":18,"column":35}},"8":{"start":{"line":19,"column":16},"end":{"line":19,"column":29}},"9":{"start":{"line":20,"column":16},"end":{"line":20,"column":31}},"10":{"start":{"line":22,"column":4},"end":{"line":69,"column":7}},"11":{"start":{"line":61,"column":41},"end":{"line":61,"column":74}},"12":{"start":{"line":72,"column":15},"end":{"line":94,"column":4}}},"fnMap":{"0":{"name":"(anonymous_0)","decl":{"start":{"line":6,"column":22},"end":{"line":6,"column":23}},"loc":{"start":{"line":6,"column":37},"end":{"line":70,"column":1}},"line":6},"1":{"name":"(anonymous_1)","decl":{"start":{"line":61,"column":37},"end":{"line":61,"column":38}},"loc":{"start":{"line":61,"column":41},"end":{"line":61,"column":74}},"line":61}},"branchMap":{},"s":{"0":0,"1":0,"2":0,"3":0,"4":0,"5":0,"6":0,"7":0,"8":0,"9":0,"10":0,"11":0,"12":0},"f":{"0":0,"1":0},"b":{}}
}
